<?xml version="1.0" encoding="UTF-8"?>
<testng-results skipped="0" failed="0" total="1" passed="1">
  <reporter-output>
  </reporter-output>
  <suite name="Default suite" duration-ms="7305" started-at="2022-11-06T13:32:02Z" finished-at="2022-11-06T13:32:10Z">
    <groups>
    </groups>
    <test name="Default test" duration-ms="7305" started-at="2022-11-06T13:32:02Z" finished-at="2022-11-06T13:32:10Z">
      <class name="PracticeAPI.GetAndPostExample">
        <test-method status="PASS" signature="testPost()[pri:0, instance:PracticeAPI.GetAndPostExample@50a7bc6e]" name="testPost" duration-ms="7216" started-at="2022-11-06T19:02:02Z" finished-at="2022-11-06T19:02:09Z">
          <reporter-output>
          </reporter-output>
        </test-method> <!-- testPost -->
      </class> <!-- PracticeAPI.GetAndPostExample -->
    </test> <!-- Default test -->
  </suite> <!-- Default suite -->
</testng-results>
