<?xml version="1.0" encoding="UTF-8"?>
<testng-results skipped="0" failed="0" ignored="0" total="1" passed="1">
  <reporter-output>
  </reporter-output>
  <suite name="Default suite" duration-ms="5505" started-at="2022-11-10T15:43:49 IST" finished-at="2022-11-10T15:43:54 IST">
    <groups>
    </groups>
    <test name="Default test" duration-ms="5505" started-at="2022-11-10T15:43:49 IST" finished-at="2022-11-10T15:43:54 IST">
      <class name="RestAuthentication.basicAuth">
        <test-method status="PASS" signature="basicVerify()[pri:0, instance:RestAuthentication.basicAuth@27808f31]" name="basicVerify" duration-ms="5372" started-at="2022-11-10T15:43:49 IST" finished-at="2022-11-10T15:43:54 IST">
          <reporter-output>
          </reporter-output>
        </test-method> <!-- basicVerify -->
      </class> <!-- RestAuthentication.basicAuth -->
    </test> <!-- Default test -->
  </suite> <!-- Default suite -->
</testng-results>
